[2026-04-23T16:55:44Z] === ENRICH ITERATION 1 START | repo=rust-rdf/rdf.rs sha=c7d18726 ===
[2026-04-23T16:55:44Z] [iter=1] PHASE START: enrich repo=rust-rdf/rdf.rs sha=c7d18726 runlog=/home/runner/work/forx/forx/storage/aggregate/lsp/logs/c7d18726-enrich-iter-001.log output=/home/runner/work/forx/forx/storage/aggregate/lsp/c7d1872610f04e19caffb8882d73706ad89cf241.nq.gz
[2026-04-23T16:55:44Z] [iter=1] Step 1: Loading AST into disk-backed store mem_mb=76 MB
[2026-04-23T16:55:44Z] [iter=1] AST store loaded triples=38207 load_secs=0 mem_mb=138 MB
[2026-04-23T16:55:44Z] [iter=1] Step 2: Finding LSP targets mem_mb=138 MB
[2026-04-23T16:55:44Z] [iter=1] LSP targets found call_sites=164 imports=40 extends=0 implements=20 secs=0
[2026-04-23T16:55:44Z] [iter=1] Step 2.7: Building position index (one-shot, shared across resolvers) mem_mb=138 MB
[2026-04-23T16:55:44Z] [iter=1] Position index built positions=2647 nodes_with_types=3236 secs=0 mem_mb=138 MB
[2026-04-23T16:55:44Z] [iter=1] Step 3: Starting LSP resolution mem_mb=138 MB already_completed_types=[] already_completed_files=0
[2026-04-23T16:55:44Z] [iter=1] Resolving target type target_type=call_site count=164
[2026-04-23T16:56:25Z] [iter=1] HEARTBEAT target_type=call_site elapsed_min=0.7 files_done=1 resolved=7 errors=5 current=bin/rdf/src/exit.rs
[2026-04-23T16:56:31Z] [iter=1] Target type resolved target_type=call_site resolved=83 errors=69 secs=46 mem_mb=138 MB
[2026-04-23T16:56:31Z] [iter=1] Resolving target type target_type=import_statement count=40
[2026-04-23T16:56:44Z] [iter=1] Target type resolved target_type=import_statement resolved=37 errors=0 secs=14 mem_mb=138 MB
[2026-04-23T16:56:44Z] [iter=1] Resolving target type target_type=implements_clause count=20
[2026-04-23T16:56:55Z] [iter=1] HEARTBEAT target_type=implements_clause elapsed_min=1.2 files_done=2 resolved=11 errors=0 current=lib/rdf-model/src/document.rs
[2026-04-23T16:56:56Z] [iter=1] Target type resolved target_type=implements_clause resolved=19 errors=0 secs=12 mem_mb=138 MB
[2026-04-23T16:57:09Z] [iter=1] Step 5: Writing final enrichment file triples=2763
[2026-04-23T16:57:09Z] [iter=1] Enrichment file written path=/home/runner/work/forx/forx/storage/aggregate/lsp/c7d1872610f04e19caffb8882d73706ad89cf241.nq.gz size_kb=47
[2026-04-23T16:57:09Z] [iter=1] PHASE END: enrich elapsed_s=86 elapsed_min=1.4 total_triples=2763
